  main.cpp
C:\Users\Pajunk\source\repos\SudokuSolver\SudokuSolver\main.cpp(51,57): warning C4244: 'argument': conversion from 'int' to 'T', possible loss of data
          with
          [
              T=float
          ]
C:\Users\Pajunk\source\repos\SudokuSolver\SudokuSolver\main.cpp(51,50): warning C4244: 'argument': conversion from 'int' to 'T', possible loss of data
          with
          [
              T=float
          ]
C:\Users\Pajunk\source\repos\SudokuSolver\SudokuSolver\main.cpp(58,85): warning C4244: 'argument': conversion from 'int' to 'T', possible loss of data
          with
          [
              T=float
          ]
C:\Users\Pajunk\source\repos\SudokuSolver\SudokuSolver\main.cpp(58,54): warning C4244: 'argument': conversion from 'int' to 'T', possible loss of data
          with
          [
              T=float
          ]
C:\Users\Pajunk\source\repos\SudokuSolver\SudokuSolver\main.cpp(70,23): warning C4018: '<': signed/unsigned mismatch
C:\Users\Pajunk\source\repos\SudokuSolver\SudokuSolver\main.cpp(71,27): warning C4018: '<': signed/unsigned mismatch
C:\Users\Pajunk\source\repos\SudokuSolver\SudokuSolver\main.cpp(90,31): warning C4018: '<': signed/unsigned mismatch
C:\Users\Pajunk\source\repos\SudokuSolver\SudokuSolver\main.cpp(91,35): warning C4018: '<': signed/unsigned mismatch
  SudokuSolver.vcxproj -> C:\Users\Pajunk\source\repos\SudokuSolver\Debug\SudokuSolver.exe
